[2023-08-11 17:08:45][main][DEBUG](LogFactory.java:109) : Logging initialized using 'class org.apache.ibatis.logging.slf4j.Slf4jImpl' adapter.
[2023-08-11 17:08:45][main][DEBUG](PooledDataSource.java:363) : PooledDataSource forcefully closed/removed all connections.
[2023-08-11 17:08:45][main][DEBUG](PooledDataSource.java:363) : PooledDataSource forcefully closed/removed all connections.
[2023-08-11 17:08:45][main][DEBUG](PooledDataSource.java:363) : PooledDataSource forcefully closed/removed all connections.
[2023-08-11 17:08:45][main][DEBUG](PooledDataSource.java:363) : PooledDataSource forcefully closed/removed all connections.
[2023-08-11 17:08:45][main][DEBUG](PooledDataSource.java:363) : PooledDataSource forcefully closed/removed all connections.
[2023-08-11 17:08:45][main][DEBUG](PooledDataSource.java:363) : PooledDataSource forcefully closed/removed all connections.
[2023-08-11 17:08:45][main][DEBUG](PooledDataSource.java:363) : PooledDataSource forcefully closed/removed all connections.
[2023-08-11 17:18:29][main][DEBUG](LogFactory.java:109) : Logging initialized using 'class org.apache.ibatis.logging.slf4j.Slf4jImpl' adapter.
[2023-08-11 17:18:29][main][DEBUG](PooledDataSource.java:363) : PooledDataSource forcefully closed/removed all connections.
[2023-08-11 17:18:29][main][DEBUG](PooledDataSource.java:363) : PooledDataSource forcefully closed/removed all connections.
[2023-08-11 17:18:29][main][DEBUG](PooledDataSource.java:363) : PooledDataSource forcefully closed/removed all connections.
[2023-08-11 17:18:29][main][DEBUG](PooledDataSource.java:363) : PooledDataSource forcefully closed/removed all connections.
[2023-08-11 17:18:29][main][DEBUG](PooledDataSource.java:363) : PooledDataSource forcefully closed/removed all connections.
[2023-08-11 17:18:29][main][DEBUG](PooledDataSource.java:363) : PooledDataSource forcefully closed/removed all connections.
[2023-08-11 17:18:29][main][DEBUG](PooledDataSource.java:363) : PooledDataSource forcefully closed/removed all connections.
[2023-08-11 17:18:29][main][DEBUG](PooledDataSource.java:363) : PooledDataSource forcefully closed/removed all connections.
[2023-08-11 17:18:29][main][DEBUG](PooledDataSource.java:363) : PooledDataSource forcefully closed/removed all connections.
[2023-08-11 17:18:29][main][DEBUG](PooledDataSource.java:363) : PooledDataSource forcefully closed/removed all connections.
[2023-08-11 17:18:29][main][DEBUG](PooledDataSource.java:363) : PooledDataSource forcefully closed/removed all connections.
[2023-08-11 17:18:29][main][DEBUG](PooledDataSource.java:363) : PooledDataSource forcefully closed/removed all connections.
[2023-08-11 17:18:29][main][DEBUG](PooledDataSource.java:363) : PooledDataSource forcefully closed/removed all connections.
[2023-08-11 17:18:29][main][DEBUG](PooledDataSource.java:363) : PooledDataSource forcefully closed/removed all connections.
[2023-08-11 17:18:29][Finalizer][DEBUG](PooledDataSource.java:363) : PooledDataSource forcefully closed/removed all connections.
[2023-08-11 17:18:29][main][DEBUG](PooledDataSource.java:363) : PooledDataSource forcefully closed/removed all connections.
[2023-08-11 17:18:29][main][DEBUG](PooledDataSource.java:363) : PooledDataSource forcefully closed/removed all connections.
[2023-08-11 17:18:29][main][DEBUG](PooledDataSource.java:363) : PooledDataSource forcefully closed/removed all connections.
[2023-08-11 17:18:29][main][DEBUG](PooledDataSource.java:363) : PooledDataSource forcefully closed/removed all connections.
[2023-08-11 17:18:29][main][DEBUG](PooledDataSource.java:363) : PooledDataSource forcefully closed/removed all connections.
[2023-08-11 17:18:29][Finalizer][DEBUG](PooledDataSource.java:363) : PooledDataSource forcefully closed/removed all connections.
[2023-08-11 17:18:29][main][DEBUG](PooledDataSource.java:363) : PooledDataSource forcefully closed/removed all connections.
[2023-08-11 17:18:29][main][DEBUG](PooledDataSource.java:363) : PooledDataSource forcefully closed/removed all connections.
[2023-08-11 17:18:29][main][DEBUG](PooledDataSource.java:363) : PooledDataSource forcefully closed/removed all connections.
[2023-08-11 17:18:29][main][DEBUG](PooledDataSource.java:363) : PooledDataSource forcefully closed/removed all connections.
[2023-08-11 17:18:29][main][DEBUG](PooledDataSource.java:363) : PooledDataSource forcefully closed/removed all connections.
[2023-08-11 17:18:29][main][DEBUG](PooledDataSource.java:363) : PooledDataSource forcefully closed/removed all connections.
[2023-08-11 17:18:29][main][DEBUG](PooledDataSource.java:363) : PooledDataSource forcefully closed/removed all connections.
[2023-08-11 17:18:29][main][DEBUG](PooledDataSource.java:363) : PooledDataSource forcefully closed/removed all connections.
[2023-08-11 17:18:29][main][DEBUG](PooledDataSource.java:363) : PooledDataSource forcefully closed/removed all connections.
[2023-08-11 17:18:29][Finalizer][DEBUG](PooledDataSource.java:363) : PooledDataSource forcefully closed/removed all connections.
[2023-08-11 17:19:54][main][DEBUG](LogFactory.java:109) : Logging initialized using 'class org.apache.ibatis.logging.slf4j.Slf4jImpl' adapter.
[2023-08-11 17:19:54][main][DEBUG](PooledDataSource.java:363) : PooledDataSource forcefully closed/removed all connections.
[2023-08-11 17:19:54][main][DEBUG](PooledDataSource.java:363) : PooledDataSource forcefully closed/removed all connections.
[2023-08-11 17:19:54][main][DEBUG](PooledDataSource.java:363) : PooledDataSource forcefully closed/removed all connections.
[2023-08-11 17:19:54][main][DEBUG](PooledDataSource.java:363) : PooledDataSource forcefully closed/removed all connections.
[2023-08-11 17:19:54][main][DEBUG](PooledDataSource.java:363) : PooledDataSource forcefully closed/removed all connections.
[2023-08-11 17:19:54][main][DEBUG](PooledDataSource.java:363) : PooledDataSource forcefully closed/removed all connections.
[2023-08-11 17:19:54][main][DEBUG](PooledDataSource.java:363) : PooledDataSource forcefully closed/removed all connections.
[2023-08-11 17:19:54][main][DEBUG](PooledDataSource.java:363) : PooledDataSource forcefully closed/removed all connections.
[2023-08-11 17:19:54][main][DEBUG](PooledDataSource.java:363) : PooledDataSource forcefully closed/removed all connections.
[2023-08-11 17:19:54][main][DEBUG](PooledDataSource.java:363) : PooledDataSource forcefully closed/removed all connections.
[2023-08-11 17:19:54][main][DEBUG](PooledDataSource.java:363) : PooledDataSource forcefully closed/removed all connections.
[2023-08-11 17:19:54][main][DEBUG](PooledDataSource.java:363) : PooledDataSource forcefully closed/removed all connections.
[2023-08-11 17:19:54][main][DEBUG](PooledDataSource.java:363) : PooledDataSource forcefully closed/removed all connections.
[2023-08-11 17:19:54][main][DEBUG](PooledDataSource.java:363) : PooledDataSource forcefully closed/removed all connections.
[2023-08-11 17:19:54][Finalizer][DEBUG](PooledDataSource.java:363) : PooledDataSource forcefully closed/removed all connections.
[2023-08-11 17:19:54][main][DEBUG](PooledDataSource.java:363) : PooledDataSource forcefully closed/removed all connections.
[2023-08-11 17:19:54][main][DEBUG](PooledDataSource.java:363) : PooledDataSource forcefully closed/removed all connections.
[2023-08-11 17:19:54][main][DEBUG](PooledDataSource.java:363) : PooledDataSource forcefully closed/removed all connections.
[2023-08-11 17:19:54][main][DEBUG](PooledDataSource.java:363) : PooledDataSource forcefully closed/removed all connections.
[2023-08-11 17:19:54][Finalizer][DEBUG](PooledDataSource.java:363) : PooledDataSource forcefully closed/removed all connections.
[2023-08-11 17:19:54][main][DEBUG](PooledDataSource.java:363) : PooledDataSource forcefully closed/removed all connections.
[2023-08-11 17:19:54][main][DEBUG](PooledDataSource.java:363) : PooledDataSource forcefully closed/removed all connections.
[2023-08-11 17:19:54][main][DEBUG](PooledDataSource.java:363) : PooledDataSource forcefully closed/removed all connections.
[2023-08-11 17:19:54][main][DEBUG](PooledDataSource.java:363) : PooledDataSource forcefully closed/removed all connections.
[2023-08-11 17:19:54][main][DEBUG](PooledDataSource.java:363) : PooledDataSource forcefully closed/removed all connections.
[2023-08-11 17:19:54][main][DEBUG](PooledDataSource.java:363) : PooledDataSource forcefully closed/removed all connections.
[2023-08-11 17:19:54][main][DEBUG](PooledDataSource.java:363) : PooledDataSource forcefully closed/removed all connections.
[2023-08-11 17:19:54][main][DEBUG](PooledDataSource.java:363) : PooledDataSource forcefully closed/removed all connections.
[2023-08-11 17:19:54][main][DEBUG](PooledDataSource.java:363) : PooledDataSource forcefully closed/removed all connections.
[2023-08-11 17:19:54][main][DEBUG](PooledDataSource.java:363) : PooledDataSource forcefully closed/removed all connections.
[2023-08-11 17:19:54][Finalizer][DEBUG](PooledDataSource.java:363) : PooledDataSource forcefully closed/removed all connections.
[2023-08-11 17:21:16][main][DEBUG](LogFactory.java:109) : Logging initialized using 'class org.apache.ibatis.logging.slf4j.Slf4jImpl' adapter.
[2023-08-11 17:21:16][main][DEBUG](PooledDataSource.java:363) : PooledDataSource forcefully closed/removed all connections.
[2023-08-11 17:21:16][main][DEBUG](PooledDataSource.java:363) : PooledDataSource forcefully closed/removed all connections.
[2023-08-11 17:21:16][main][DEBUG](PooledDataSource.java:363) : PooledDataSource forcefully closed/removed all connections.
[2023-08-11 17:21:16][main][DEBUG](PooledDataSource.java:363) : PooledDataSource forcefully closed/removed all connections.
[2023-08-11 17:21:16][main][DEBUG](PooledDataSource.java:363) : PooledDataSource forcefully closed/removed all connections.
[2023-08-11 17:21:16][main][DEBUG](PooledDataSource.java:363) : PooledDataSource forcefully closed/removed all connections.
[2023-08-11 17:21:16][main][DEBUG](PooledDataSource.java:363) : PooledDataSource forcefully closed/removed all connections.
[2023-08-11 17:21:16][main][DEBUG](PooledDataSource.java:363) : PooledDataSource forcefully closed/removed all connections.
[2023-08-11 17:21:16][main][DEBUG](PooledDataSource.java:363) : PooledDataSource forcefully closed/removed all connections.
[2023-08-11 17:21:16][main][DEBUG](PooledDataSource.java:363) : PooledDataSource forcefully closed/removed all connections.
[2023-08-11 17:21:16][main][DEBUG](PooledDataSource.java:363) : PooledDataSource forcefully closed/removed all connections.
[2023-08-11 17:21:16][main][DEBUG](PooledDataSource.java:363) : PooledDataSource forcefully closed/removed all connections.
[2023-08-11 17:21:16][main][DEBUG](PooledDataSource.java:363) : PooledDataSource forcefully closed/removed all connections.
[2023-08-11 17:21:16][main][DEBUG](PooledDataSource.java:363) : PooledDataSource forcefully closed/removed all connections.
[2023-08-11 17:21:16][Finalizer][DEBUG](PooledDataSource.java:363) : PooledDataSource forcefully closed/removed all connections.
[2023-08-11 17:21:16][main][DEBUG](PooledDataSource.java:363) : PooledDataSource forcefully closed/removed all connections.
[2023-08-11 17:21:16][main][DEBUG](PooledDataSource.java:363) : PooledDataSource forcefully closed/removed all connections.
[2023-08-11 17:21:16][main][DEBUG](PooledDataSource.java:363) : PooledDataSource forcefully closed/removed all connections.
[2023-08-11 17:21:16][main][DEBUG](PooledDataSource.java:363) : PooledDataSource forcefully closed/removed all connections.
[2023-08-11 17:21:16][Finalizer][DEBUG](PooledDataSource.java:363) : PooledDataSource forcefully closed/removed all connections.
[2023-08-11 17:21:16][main][DEBUG](PooledDataSource.java:363) : PooledDataSource forcefully closed/removed all connections.
[2023-08-11 17:21:16][main][DEBUG](PooledDataSource.java:363) : PooledDataSource forcefully closed/removed all connections.
[2023-08-11 17:21:16][main][DEBUG](PooledDataSource.java:363) : PooledDataSource forcefully closed/removed all connections.
[2023-08-11 17:21:16][main][DEBUG](PooledDataSource.java:363) : PooledDataSource forcefully closed/removed all connections.
[2023-08-11 17:21:16][main][DEBUG](PooledDataSource.java:363) : PooledDataSource forcefully closed/removed all connections.
[2023-08-11 17:21:16][main][DEBUG](PooledDataSource.java:363) : PooledDataSource forcefully closed/removed all connections.
[2023-08-11 17:21:16][main][DEBUG](PooledDataSource.java:363) : PooledDataSource forcefully closed/removed all connections.
[2023-08-11 17:21:16][main][DEBUG](PooledDataSource.java:363) : PooledDataSource forcefully closed/removed all connections.
[2023-08-11 17:21:16][main][DEBUG](PooledDataSource.java:363) : PooledDataSource forcefully closed/removed all connections.
[2023-08-11 17:21:16][main][DEBUG](PooledDataSource.java:363) : PooledDataSource forcefully closed/removed all connections.
[2023-08-11 17:21:16][Finalizer][DEBUG](PooledDataSource.java:363) : PooledDataSource forcefully closed/removed all connections.
[2023-08-11 17:28:14][main][DEBUG](LogFactory.java:109) : Logging initialized using 'class org.apache.ibatis.logging.slf4j.Slf4jImpl' adapter.
[2023-08-11 17:28:14][main][DEBUG](PooledDataSource.java:363) : PooledDataSource forcefully closed/removed all connections.
[2023-08-11 17:28:14][main][DEBUG](PooledDataSource.java:363) : PooledDataSource forcefully closed/removed all connections.
[2023-08-11 17:28:14][main][DEBUG](PooledDataSource.java:363) : PooledDataSource forcefully closed/removed all connections.
[2023-08-11 17:28:14][main][DEBUG](PooledDataSource.java:363) : PooledDataSource forcefully closed/removed all connections.
[2023-08-11 17:28:14][main][DEBUG](PooledDataSource.java:363) : PooledDataSource forcefully closed/removed all connections.
[2023-08-11 17:28:14][main][DEBUG](PooledDataSource.java:363) : PooledDataSource forcefully closed/removed all connections.
[2023-08-11 17:28:14][main][DEBUG](PooledDataSource.java:363) : PooledDataSource forcefully closed/removed all connections.
[2023-08-11 17:28:14][main][DEBUG](JdbcTransaction.java:137) : Opening JDBC Connection
[2023-08-11 17:28:15][main][DEBUG](PooledDataSource.java:434) : Created connection 1822630059.
[2023-08-11 17:28:15][main][DEBUG](JdbcTransaction.java:101) : Setting autocommit to false on JDBC Connection [oracle.jdbc.driver.T4CConnection@6ca320ab]
[2023-08-11 17:28:15][main][DEBUG](BaseJdbcLogger.java:137) : ==>  Preparing: SELECT COUNT(article_id) FROM article
[2023-08-11 17:28:15][main][DEBUG](BaseJdbcLogger.java:137) : ==> Parameters: 
[2023-08-11 17:28:15][main][DEBUG](BaseJdbcLogger.java:137) : <==      Total: 1
[2023-08-11 17:28:15][main][DEBUG](ArticleMapperTest.java:110) : 전체 게시판의 갯수 : 6
[2023-08-11 17:28:15][main][DEBUG](JdbcTransaction.java:123) : Resetting autocommit to true on JDBC Connection [oracle.jdbc.driver.T4CConnection@6ca320ab]
[2023-08-11 17:28:15][main][DEBUG](JdbcTransaction.java:91) : Closing JDBC Connection [oracle.jdbc.driver.T4CConnection@6ca320ab]
[2023-08-11 17:28:15][main][DEBUG](PooledDataSource.java:391) : Returned connection 1822630059 to pool.
[2023-08-11 17:28:15][main][DEBUG](PooledDataSource.java:363) : PooledDataSource forcefully closed/removed all connections.
[2023-08-11 17:28:15][main][DEBUG](PooledDataSource.java:363) : PooledDataSource forcefully closed/removed all connections.
[2023-08-11 17:28:15][main][DEBUG](PooledDataSource.java:363) : PooledDataSource forcefully closed/removed all connections.
[2023-08-11 17:28:15][main][DEBUG](PooledDataSource.java:363) : PooledDataSource forcefully closed/removed all connections.
[2023-08-11 17:28:15][main][DEBUG](PooledDataSource.java:363) : PooledDataSource forcefully closed/removed all connections.
[2023-08-11 17:28:15][main][DEBUG](PooledDataSource.java:363) : PooledDataSource forcefully closed/removed all connections.
[2023-08-11 17:28:15][main][DEBUG](PooledDataSource.java:363) : PooledDataSource forcefully closed/removed all connections.
[2023-08-11 17:28:15][main][DEBUG](JdbcTransaction.java:137) : Opening JDBC Connection
[2023-08-11 17:28:15][main][DEBUG](PooledDataSource.java:434) : Created connection 1020632821.
[2023-08-11 17:28:15][main][DEBUG](JdbcTransaction.java:101) : Setting autocommit to false on JDBC Connection [oracle.jdbc.driver.T4CConnection@3cd59ef5]
[2023-08-11 17:28:15][main][DEBUG](BaseJdbcLogger.java:137) : ==>  Preparing: SELECT article_id "articleId", board_id "boardId", writer "writer", subject "subject", content "content", regdate "regdate", hitcount "hitcount", passwd "passwd", group_no "groupNum", level_no "levelNum", order_no "orderNum" FROM article ORDER BY regdate ASC
[2023-08-11 17:28:15][main][DEBUG](BaseJdbcLogger.java:137) : ==> Parameters: 
[2023-08-11 17:28:15][main][DEBUG](BaseJdbcLogger.java:137) : <==      Total: 6
[2023-08-11 17:28:15][main][DEBUG](ArticleMapperTest.java:92) : 전체 게시판 : ArticleDTO(articleId=1252, boardId=10, writer=song, subject=오늘 칼바람 몇시?, content=8시 ㄱ?, regdate=2023-08-09 00:00:00, hitcount=3000, passwd=1234, groupNum=1, levelNum=1, orderNum=0)
[2023-08-11 17:28:15][main][DEBUG](ArticleMapperTest.java:92) : 전체 게시판 : ArticleDTO(articleId=2, boardId=10, writer=tuesday, subject=tuesday 댓글 제목입니다., content=tuesday 댓글 내용입니다., regdate=2023-08-09 17:09:42, hitcount=0, passwd=1111, groupNum=1, levelNum=1, orderNum=1)
[2023-08-11 17:28:15][main][DEBUG](ArticleMapperTest.java:92) : 전체 게시판 : ArticleDTO(articleId=4, boardId=10, writer=thursday, subject=thursday 대댓글 제목입니다, content=thursday 대댓글 내용입니다, regdate=2023-08-09 17:09:42, hitcount=0, passwd=1111, groupNum=1, levelNum=2, orderNum=2)
[2023-08-11 17:28:15][main][DEBUG](ArticleMapperTest.java:92) : 전체 게시판 : ArticleDTO(articleId=5, boardId=10, writer=thursday, subject=thursday 대댓글 제목입니다, content=thursday 대댓글 내용입니다, regdate=2023-08-09 17:09:42, hitcount=0, passwd=1111, groupNum=5, levelNum=2, orderNum=2)
[2023-08-11 17:28:15][main][DEBUG](ArticleMapperTest.java:92) : 전체 게시판 : ArticleDTO(articleId=1, boardId=10, writer=monday, subject=monday 신규글 제목입니다., content=monday 신규글 내용입니다., regdate=2023-08-09 17:09:42, hitcount=0, passwd=1111, groupNum=1, levelNum=0, orderNum=0)
[2023-08-11 17:28:15][main][DEBUG](ArticleMapperTest.java:92) : 전체 게시판 : ArticleDTO(articleId=3, boardId=10, writer=wednesday, subject=wednesday 댓글 제목입니다., content=wednesday 댓글 내용입니다., regdate=2023-08-09 17:09:42, hitcount=0, passwd=1111, groupNum=1, levelNum=1, orderNum=3)
[2023-08-11 17:28:15][main][DEBUG](JdbcTransaction.java:123) : Resetting autocommit to true on JDBC Connection [oracle.jdbc.driver.T4CConnection@3cd59ef5]
[2023-08-11 17:28:15][main][DEBUG](JdbcTransaction.java:91) : Closing JDBC Connection [oracle.jdbc.driver.T4CConnection@3cd59ef5]
[2023-08-11 17:28:15][main][DEBUG](PooledDataSource.java:391) : Returned connection 1020632821 to pool.
[2023-08-11 17:28:15][Finalizer][DEBUG](PooledDataSource.java:363) : PooledDataSource forcefully closed/removed all connections.
[2023-08-11 17:28:15][main][DEBUG](PooledDataSource.java:363) : PooledDataSource forcefully closed/removed all connections.
[2023-08-11 17:28:15][main][DEBUG](PooledDataSource.java:363) : PooledDataSource forcefully closed/removed all connections.
[2023-08-11 17:28:15][main][DEBUG](PooledDataSource.java:363) : PooledDataSource forcefully closed/removed all connections.
[2023-08-11 17:28:15][main][DEBUG](PooledDataSource.java:363) : PooledDataSource forcefully closed/removed all connections.
[2023-08-11 17:28:15][main][DEBUG](PooledDataSource.java:363) : PooledDataSource forcefully closed/removed all connections.
[2023-08-11 17:28:15][main][DEBUG](PooledDataSource.java:363) : PooledDataSource forcefully closed/removed all connections.
[2023-08-11 17:28:15][main][DEBUG](PooledDataSource.java:363) : PooledDataSource forcefully closed/removed all connections.
[2023-08-11 17:28:15][main][DEBUG](JdbcTransaction.java:137) : Opening JDBC Connection
[2023-08-11 17:28:15][main][DEBUG](PooledDataSource.java:434) : Created connection 651698411.
[2023-08-11 17:28:15][main][DEBUG](JdbcTransaction.java:101) : Setting autocommit to false on JDBC Connection [oracle.jdbc.driver.T4CConnection@26d820eb]
[2023-08-11 17:28:15][main][DEBUG](BaseJdbcLogger.java:137) : ==>  Preparing: INSERT INTO article (article_id, board_id, writer, subject, content, regdate, hitcount, passwd, group_no, level_no, order_no) VALUES (?, ?, ?, ?, ?, TO_DATE(?, 'YYYY-MM-DD'), ?, ?, ?, ?, ?)
[2023-08-11 17:28:15][main][DEBUG](BaseJdbcLogger.java:137) : ==> Parameters: 1252(Integer), 10(Integer), song(String), 오늘 칼바람 몇시?(String), 8시 ㄱ?(String), 2023-08-09(String), 3000(Integer), 1234(String), 1(Integer), 1(Integer), 0(Integer)
[2023-08-11 17:28:15][main][DEBUG](JdbcTransaction.java:80) : Rolling back JDBC Connection [oracle.jdbc.driver.T4CConnection@26d820eb]
[2023-08-11 17:28:15][main][DEBUG](JdbcTransaction.java:123) : Resetting autocommit to true on JDBC Connection [oracle.jdbc.driver.T4CConnection@26d820eb]
[2023-08-11 17:28:15][main][DEBUG](JdbcTransaction.java:91) : Closing JDBC Connection [oracle.jdbc.driver.T4CConnection@26d820eb]
[2023-08-11 17:28:15][main][DEBUG](PooledDataSource.java:391) : Returned connection 651698411 to pool.
[2023-08-11 17:28:15][main][DEBUG](PooledDataSource.java:363) : PooledDataSource forcefully closed/removed all connections.
[2023-08-11 17:28:15][main][DEBUG](PooledDataSource.java:363) : PooledDataSource forcefully closed/removed all connections.
[2023-08-11 17:28:15][main][DEBUG](PooledDataSource.java:363) : PooledDataSource forcefully closed/removed all connections.
[2023-08-11 17:28:15][main][DEBUG](PooledDataSource.java:363) : PooledDataSource forcefully closed/removed all connections.
[2023-08-11 17:28:15][main][DEBUG](PooledDataSource.java:363) : PooledDataSource forcefully closed/removed all connections.
[2023-08-11 17:28:15][main][DEBUG](PooledDataSource.java:363) : PooledDataSource forcefully closed/removed all connections.
[2023-08-11 17:28:15][main][DEBUG](PooledDataSource.java:363) : PooledDataSource forcefully closed/removed all connections.
[2023-08-11 17:29:59][main][DEBUG](LogFactory.java:109) : Logging initialized using 'class org.apache.ibatis.logging.slf4j.Slf4jImpl' adapter.
[2023-08-11 17:29:59][main][DEBUG](PooledDataSource.java:363) : PooledDataSource forcefully closed/removed all connections.
[2023-08-11 17:29:59][main][DEBUG](PooledDataSource.java:363) : PooledDataSource forcefully closed/removed all connections.
[2023-08-11 17:29:59][main][DEBUG](PooledDataSource.java:363) : PooledDataSource forcefully closed/removed all connections.
[2023-08-11 17:29:59][main][DEBUG](PooledDataSource.java:363) : PooledDataSource forcefully closed/removed all connections.
[2023-08-11 17:29:59][main][DEBUG](PooledDataSource.java:363) : PooledDataSource forcefully closed/removed all connections.
[2023-08-11 17:29:59][main][DEBUG](PooledDataSource.java:363) : PooledDataSource forcefully closed/removed all connections.
[2023-08-11 17:29:59][main][DEBUG](PooledDataSource.java:363) : PooledDataSource forcefully closed/removed all connections.
[2023-08-11 17:29:59][main][DEBUG](JdbcTransaction.java:137) : Opening JDBC Connection
[2023-08-11 17:29:59][main][DEBUG](PooledDataSource.java:434) : Created connection 1822630059.
[2023-08-11 17:29:59][main][DEBUG](JdbcTransaction.java:101) : Setting autocommit to false on JDBC Connection [oracle.jdbc.driver.T4CConnection@6ca320ab]
[2023-08-11 17:29:59][main][DEBUG](BaseJdbcLogger.java:137) : ==>  Preparing: SELECT COUNT(article_id) FROM article
[2023-08-11 17:29:59][main][DEBUG](BaseJdbcLogger.java:137) : ==> Parameters: 
[2023-08-11 17:29:59][main][DEBUG](BaseJdbcLogger.java:137) : <==      Total: 1
[2023-08-11 17:29:59][main][DEBUG](ArticleMapperTest.java:110) : 전체 게시판의 갯수 : 6
[2023-08-11 17:29:59][main][DEBUG](JdbcTransaction.java:123) : Resetting autocommit to true on JDBC Connection [oracle.jdbc.driver.T4CConnection@6ca320ab]
[2023-08-11 17:29:59][main][DEBUG](JdbcTransaction.java:91) : Closing JDBC Connection [oracle.jdbc.driver.T4CConnection@6ca320ab]
[2023-08-11 17:29:59][main][DEBUG](PooledDataSource.java:391) : Returned connection 1822630059 to pool.
[2023-08-11 17:29:59][main][DEBUG](PooledDataSource.java:363) : PooledDataSource forcefully closed/removed all connections.
[2023-08-11 17:29:59][main][DEBUG](PooledDataSource.java:363) : PooledDataSource forcefully closed/removed all connections.
[2023-08-11 17:29:59][main][DEBUG](PooledDataSource.java:363) : PooledDataSource forcefully closed/removed all connections.
[2023-08-11 17:29:59][main][DEBUG](PooledDataSource.java:363) : PooledDataSource forcefully closed/removed all connections.
[2023-08-11 17:29:59][main][DEBUG](PooledDataSource.java:363) : PooledDataSource forcefully closed/removed all connections.
[2023-08-11 17:29:59][main][DEBUG](PooledDataSource.java:363) : PooledDataSource forcefully closed/removed all connections.
[2023-08-11 17:29:59][main][DEBUG](PooledDataSource.java:363) : PooledDataSource forcefully closed/removed all connections.
[2023-08-11 17:29:59][main][DEBUG](JdbcTransaction.java:137) : Opening JDBC Connection
[2023-08-11 17:29:59][main][DEBUG](PooledDataSource.java:434) : Created connection 217827560.
[2023-08-11 17:29:59][main][DEBUG](JdbcTransaction.java:101) : Setting autocommit to false on JDBC Connection [oracle.jdbc.driver.T4CConnection@cfbc8e8]
[2023-08-11 17:29:59][main][DEBUG](BaseJdbcLogger.java:137) : ==>  Preparing: SELECT article_id "articleId", board_id "boardId", writer "writer", subject "subject", content "content", regdate "regdate", hitcount "hitcount", passwd "passwd", group_no "groupNum", level_no "levelNum", order_no "orderNum" FROM article ORDER BY regdate ASC
[2023-08-11 17:29:59][main][DEBUG](BaseJdbcLogger.java:137) : ==> Parameters: 
[2023-08-11 17:29:59][main][DEBUG](BaseJdbcLogger.java:137) : <==      Total: 6
[2023-08-11 17:29:59][main][DEBUG](ArticleMapperTest.java:92) : 전체 게시판 : ArticleDTO(articleId=1252, boardId=10, writer=song, subject=오늘 칼바람 몇시?, content=8시 ㄱ?, regdate=2023-08-09 00:00:00, hitcount=3000, passwd=1234, groupNum=1, levelNum=1, orderNum=0)
[2023-08-11 17:29:59][main][DEBUG](ArticleMapperTest.java:92) : 전체 게시판 : ArticleDTO(articleId=2, boardId=10, writer=tuesday, subject=tuesday 댓글 제목입니다., content=tuesday 댓글 내용입니다., regdate=2023-08-09 17:09:42, hitcount=0, passwd=1111, groupNum=1, levelNum=1, orderNum=1)
[2023-08-11 17:29:59][main][DEBUG](ArticleMapperTest.java:92) : 전체 게시판 : ArticleDTO(articleId=4, boardId=10, writer=thursday, subject=thursday 대댓글 제목입니다, content=thursday 대댓글 내용입니다, regdate=2023-08-09 17:09:42, hitcount=0, passwd=1111, groupNum=1, levelNum=2, orderNum=2)
[2023-08-11 17:29:59][main][DEBUG](ArticleMapperTest.java:92) : 전체 게시판 : ArticleDTO(articleId=5, boardId=10, writer=thursday, subject=thursday 대댓글 제목입니다, content=thursday 대댓글 내용입니다, regdate=2023-08-09 17:09:42, hitcount=0, passwd=1111, groupNum=5, levelNum=2, orderNum=2)
[2023-08-11 17:29:59][main][DEBUG](ArticleMapperTest.java:92) : 전체 게시판 : ArticleDTO(articleId=1, boardId=10, writer=monday, subject=monday 신규글 제목입니다., content=monday 신규글 내용입니다., regdate=2023-08-09 17:09:42, hitcount=0, passwd=1111, groupNum=1, levelNum=0, orderNum=0)
[2023-08-11 17:29:59][main][DEBUG](ArticleMapperTest.java:92) : 전체 게시판 : ArticleDTO(articleId=3, boardId=10, writer=wednesday, subject=wednesday 댓글 제목입니다., content=wednesday 댓글 내용입니다., regdate=2023-08-09 17:09:42, hitcount=0, passwd=1111, groupNum=1, levelNum=1, orderNum=3)
[2023-08-11 17:29:59][main][DEBUG](JdbcTransaction.java:123) : Resetting autocommit to true on JDBC Connection [oracle.jdbc.driver.T4CConnection@cfbc8e8]
[2023-08-11 17:29:59][main][DEBUG](JdbcTransaction.java:91) : Closing JDBC Connection [oracle.jdbc.driver.T4CConnection@cfbc8e8]
[2023-08-11 17:29:59][main][DEBUG](PooledDataSource.java:391) : Returned connection 217827560 to pool.
[2023-08-11 17:29:59][Finalizer][DEBUG](PooledDataSource.java:363) : PooledDataSource forcefully closed/removed all connections.
[2023-08-11 17:29:59][main][DEBUG](PooledDataSource.java:363) : PooledDataSource forcefully closed/removed all connections.
[2023-08-11 17:29:59][main][DEBUG](PooledDataSource.java:363) : PooledDataSource forcefully closed/removed all connections.
[2023-08-11 17:29:59][main][DEBUG](PooledDataSource.java:363) : PooledDataSource forcefully closed/removed all connections.
[2023-08-11 17:29:59][main][DEBUG](PooledDataSource.java:363) : PooledDataSource forcefully closed/removed all connections.
[2023-08-11 17:29:59][main][DEBUG](PooledDataSource.java:363) : PooledDataSource forcefully closed/removed all connections.
[2023-08-11 17:29:59][main][DEBUG](PooledDataSource.java:363) : PooledDataSource forcefully closed/removed all connections.
[2023-08-11 17:29:59][main][DEBUG](PooledDataSource.java:363) : PooledDataSource forcefully closed/removed all connections.
[2023-08-11 17:30:00][main][DEBUG](JdbcTransaction.java:137) : Opening JDBC Connection
[2023-08-11 17:30:00][main][DEBUG](PooledDataSource.java:434) : Created connection 990226843.
[2023-08-11 17:30:00][main][DEBUG](JdbcTransaction.java:101) : Setting autocommit to false on JDBC Connection [oracle.jdbc.driver.T4CConnection@3b05a99b]
[2023-08-11 17:30:00][main][DEBUG](BaseJdbcLogger.java:137) : ==>  Preparing: INSERT INTO article (article_id, board_id, writer, subject, content, regdate, hitcount, passwd, group_no, level_no, order_no) VALUES (?, ?, ?, ?, ?, TO_DATE(?, 'YYYY-MM-DD'), ?, ?, ?, ?, ?)
[2023-08-11 17:30:00][main][DEBUG](BaseJdbcLogger.java:137) : ==> Parameters: 1254(Integer), 10(Integer), song(String), 오늘 칼바람 몇시?(String), 8시 ㄱ?(String), 2023-08-09(String), 3000(Integer), 1234(String), 1(Integer), 1(Integer), 0(Integer)
[2023-08-11 17:30:00][main][DEBUG](BaseJdbcLogger.java:137) : <==    Updates: 1
[2023-08-11 17:30:00][main][DEBUG](ArticleMapperTest.java:76) : 멤버등록 완료 : ArticleDTO(articleId=1254, boardId=10, writer=song, subject=오늘 칼바람 몇시?, content=8시 ㄱ?, regdate=2023-08-09, hitcount=3000, passwd=1234, groupNum=1, levelNum=1, orderNum=0)
[2023-08-11 17:30:00][main][DEBUG](JdbcTransaction.java:80) : Rolling back JDBC Connection [oracle.jdbc.driver.T4CConnection@3b05a99b]
[2023-08-11 17:30:00][main][DEBUG](JdbcTransaction.java:123) : Resetting autocommit to true on JDBC Connection [oracle.jdbc.driver.T4CConnection@3b05a99b]
[2023-08-11 17:30:00][main][DEBUG](JdbcTransaction.java:91) : Closing JDBC Connection [oracle.jdbc.driver.T4CConnection@3b05a99b]
[2023-08-11 17:30:00][main][DEBUG](PooledDataSource.java:391) : Returned connection 990226843 to pool.
[2023-08-11 17:30:00][main][DEBUG](PooledDataSource.java:363) : PooledDataSource forcefully closed/removed all connections.
[2023-08-11 17:30:00][main][DEBUG](PooledDataSource.java:363) : PooledDataSource forcefully closed/removed all connections.
[2023-08-11 17:30:00][main][DEBUG](PooledDataSource.java:363) : PooledDataSource forcefully closed/removed all connections.
[2023-08-11 17:30:00][main][DEBUG](PooledDataSource.java:363) : PooledDataSource forcefully closed/removed all connections.
[2023-08-11 17:30:00][main][DEBUG](PooledDataSource.java:363) : PooledDataSource forcefully closed/removed all connections.
[2023-08-11 17:30:00][main][DEBUG](PooledDataSource.java:363) : PooledDataSource forcefully closed/removed all connections.
[2023-08-11 17:30:00][main][DEBUG](PooledDataSource.java:363) : PooledDataSource forcefully closed/removed all connections.
[2023-08-11 17:31:16][main][DEBUG](LogFactory.java:109) : Logging initialized using 'class org.apache.ibatis.logging.slf4j.Slf4jImpl' adapter.
[2023-08-11 17:31:16][main][DEBUG](PooledDataSource.java:363) : PooledDataSource forcefully closed/removed all connections.
[2023-08-11 17:31:16][main][DEBUG](PooledDataSource.java:363) : PooledDataSource forcefully closed/removed all connections.
[2023-08-11 17:31:16][main][DEBUG](PooledDataSource.java:363) : PooledDataSource forcefully closed/removed all connections.
[2023-08-11 17:31:16][main][DEBUG](PooledDataSource.java:363) : PooledDataSource forcefully closed/removed all connections.
[2023-08-11 17:31:16][main][DEBUG](PooledDataSource.java:363) : PooledDataSource forcefully closed/removed all connections.
[2023-08-11 17:31:16][main][DEBUG](PooledDataSource.java:363) : PooledDataSource forcefully closed/removed all connections.
[2023-08-11 17:31:16][main][DEBUG](PooledDataSource.java:363) : PooledDataSource forcefully closed/removed all connections.
[2023-08-11 17:31:16][main][DEBUG](JdbcTransaction.java:137) : Opening JDBC Connection
[2023-08-11 17:31:16][main][DEBUG](PooledDataSource.java:434) : Created connection 1822630059.
[2023-08-11 17:31:16][main][DEBUG](JdbcTransaction.java:101) : Setting autocommit to false on JDBC Connection [oracle.jdbc.driver.T4CConnection@6ca320ab]
[2023-08-11 17:31:16][main][DEBUG](BaseJdbcLogger.java:137) : ==>  Preparing: SELECT COUNT(article_id) FROM article
[2023-08-11 17:31:17][main][DEBUG](BaseJdbcLogger.java:137) : ==> Parameters: 
[2023-08-11 17:31:17][main][DEBUG](BaseJdbcLogger.java:137) : <==      Total: 1
[2023-08-11 17:31:17][main][DEBUG](ArticleMapperTest.java:110) : 전체 게시판의 갯수 : 6
[2023-08-11 17:31:17][main][DEBUG](JdbcTransaction.java:123) : Resetting autocommit to true on JDBC Connection [oracle.jdbc.driver.T4CConnection@6ca320ab]
[2023-08-11 17:31:17][main][DEBUG](JdbcTransaction.java:91) : Closing JDBC Connection [oracle.jdbc.driver.T4CConnection@6ca320ab]
[2023-08-11 17:31:17][main][DEBUG](PooledDataSource.java:391) : Returned connection 1822630059 to pool.
[2023-08-11 17:31:17][main][DEBUG](PooledDataSource.java:363) : PooledDataSource forcefully closed/removed all connections.
[2023-08-11 17:31:17][main][DEBUG](PooledDataSource.java:363) : PooledDataSource forcefully closed/removed all connections.
[2023-08-11 17:31:17][main][DEBUG](PooledDataSource.java:363) : PooledDataSource forcefully closed/removed all connections.
[2023-08-11 17:31:17][main][DEBUG](PooledDataSource.java:363) : PooledDataSource forcefully closed/removed all connections.
[2023-08-11 17:31:17][main][DEBUG](PooledDataSource.java:363) : PooledDataSource forcefully closed/removed all connections.
[2023-08-11 17:31:17][main][DEBUG](PooledDataSource.java:363) : PooledDataSource forcefully closed/removed all connections.
[2023-08-11 17:31:17][main][DEBUG](PooledDataSource.java:363) : PooledDataSource forcefully closed/removed all connections.
[2023-08-11 17:31:17][main][DEBUG](JdbcTransaction.java:137) : Opening JDBC Connection
[2023-08-11 17:31:17][main][DEBUG](PooledDataSource.java:434) : Created connection 2031667192.
[2023-08-11 17:31:17][main][DEBUG](JdbcTransaction.java:101) : Setting autocommit to false on JDBC Connection [oracle.jdbc.driver.T4CConnection@7918c7f8]
[2023-08-11 17:31:17][main][DEBUG](BaseJdbcLogger.java:137) : ==>  Preparing: SELECT article_id "articleId", board_id "boardId", writer "writer", subject "subject", content "content", regdate "regdate", hitcount "hitcount", passwd "passwd", group_no "groupNum", level_no "levelNum", order_no "orderNum" FROM article ORDER BY regdate ASC
[2023-08-11 17:31:17][main][DEBUG](BaseJdbcLogger.java:137) : ==> Parameters: 
[2023-08-11 17:31:17][main][DEBUG](BaseJdbcLogger.java:137) : <==      Total: 6
[2023-08-11 17:31:17][main][DEBUG](ArticleMapperTest.java:92) : 전체 게시판 : ArticleDTO(articleId=1252, boardId=10, writer=song, subject=오늘 칼바람 몇시?, content=8시 ㄱ?, regdate=2023-08-09 00:00:00, hitcount=3000, passwd=1234, groupNum=1, levelNum=1, orderNum=0)
[2023-08-11 17:31:17][main][DEBUG](ArticleMapperTest.java:92) : 전체 게시판 : ArticleDTO(articleId=2, boardId=10, writer=tuesday, subject=tuesday 댓글 제목입니다., content=tuesday 댓글 내용입니다., regdate=2023-08-09 17:09:42, hitcount=0, passwd=1111, groupNum=1, levelNum=1, orderNum=1)
[2023-08-11 17:31:17][main][DEBUG](ArticleMapperTest.java:92) : 전체 게시판 : ArticleDTO(articleId=4, boardId=10, writer=thursday, subject=thursday 대댓글 제목입니다, content=thursday 대댓글 내용입니다, regdate=2023-08-09 17:09:42, hitcount=0, passwd=1111, groupNum=1, levelNum=2, orderNum=2)
[2023-08-11 17:31:17][main][DEBUG](ArticleMapperTest.java:92) : 전체 게시판 : ArticleDTO(articleId=5, boardId=10, writer=thursday, subject=thursday 대댓글 제목입니다, content=thursday 대댓글 내용입니다, regdate=2023-08-09 17:09:42, hitcount=0, passwd=1111, groupNum=5, levelNum=2, orderNum=2)
[2023-08-11 17:31:17][main][DEBUG](ArticleMapperTest.java:92) : 전체 게시판 : ArticleDTO(articleId=1, boardId=10, writer=monday, subject=monday 신규글 제목입니다., content=monday 신규글 내용입니다., regdate=2023-08-09 17:09:42, hitcount=0, passwd=1111, groupNum=1, levelNum=0, orderNum=0)
[2023-08-11 17:31:17][main][DEBUG](ArticleMapperTest.java:92) : 전체 게시판 : ArticleDTO(articleId=3, boardId=10, writer=wednesday, subject=wednesday 댓글 제목입니다., content=wednesday 댓글 내용입니다., regdate=2023-08-09 17:09:42, hitcount=0, passwd=1111, groupNum=1, levelNum=1, orderNum=3)
[2023-08-11 17:31:17][main][DEBUG](JdbcTransaction.java:123) : Resetting autocommit to true on JDBC Connection [oracle.jdbc.driver.T4CConnection@7918c7f8]
[2023-08-11 17:31:17][main][DEBUG](JdbcTransaction.java:91) : Closing JDBC Connection [oracle.jdbc.driver.T4CConnection@7918c7f8]
[2023-08-11 17:31:17][main][DEBUG](PooledDataSource.java:391) : Returned connection 2031667192 to pool.
[2023-08-11 17:31:17][main][DEBUG](PooledDataSource.java:363) : PooledDataSource forcefully closed/removed all connections.
[2023-08-11 17:31:17][main][DEBUG](PooledDataSource.java:363) : PooledDataSource forcefully closed/removed all connections.
[2023-08-11 17:31:17][main][DEBUG](PooledDataSource.java:363) : PooledDataSource forcefully closed/removed all connections.
[2023-08-11 17:31:17][main][DEBUG](PooledDataSource.java:363) : PooledDataSource forcefully closed/removed all connections.
[2023-08-11 17:31:17][main][DEBUG](PooledDataSource.java:363) : PooledDataSource forcefully closed/removed all connections.
[2023-08-11 17:31:17][main][DEBUG](PooledDataSource.java:363) : PooledDataSource forcefully closed/removed all connections.
[2023-08-11 17:31:17][main][DEBUG](PooledDataSource.java:363) : PooledDataSource forcefully closed/removed all connections.
[2023-08-11 17:31:17][main][DEBUG](JdbcTransaction.java:137) : Opening JDBC Connection
[2023-08-11 17:31:17][main][DEBUG](PooledDataSource.java:434) : Created connection 2095373876.
[2023-08-11 17:31:17][main][DEBUG](JdbcTransaction.java:101) : Setting autocommit to false on JDBC Connection [oracle.jdbc.driver.T4CConnection@7ce4de34]
[2023-08-11 17:31:17][main][DEBUG](BaseJdbcLogger.java:137) : ==>  Preparing: INSERT INTO article (article_id, board_id, writer, subject, content, regdate, hitcount, passwd, group_no, level_no, order_no) VALUES (?, ?, ?, ?, ?, TO_DATE(?, 'YYYY-MM-DD'), ?, ?, ?, ?, ?)
[2023-08-11 17:31:17][main][DEBUG](BaseJdbcLogger.java:137) : ==> Parameters: 1254(Integer), 10(Integer), song(String), 오늘 칼바람 몇시?(String), 8시 ㄱ?(String), 2023-08-09(String), 3000(Integer), 1234(String), 1(Integer), 1(Integer), 0(Integer)
[2023-08-11 17:31:17][main][DEBUG](BaseJdbcLogger.java:137) : <==    Updates: 1
[2023-08-11 17:31:17][main][DEBUG](ArticleMapperTest.java:76) : 멤버등록 완료 : ArticleDTO(articleId=1254, boardId=10, writer=song, subject=오늘 칼바람 몇시?, content=8시 ㄱ?, regdate=2023-08-09, hitcount=3000, passwd=1234, groupNum=1, levelNum=1, orderNum=0)
[2023-08-11 17:31:17][main][DEBUG](JdbcTransaction.java:80) : Rolling back JDBC Connection [oracle.jdbc.driver.T4CConnection@7ce4de34]
[2023-08-11 17:31:17][main][DEBUG](JdbcTransaction.java:123) : Resetting autocommit to true on JDBC Connection [oracle.jdbc.driver.T4CConnection@7ce4de34]
[2023-08-11 17:31:17][main][DEBUG](JdbcTransaction.java:91) : Closing JDBC Connection [oracle.jdbc.driver.T4CConnection@7ce4de34]
[2023-08-11 17:31:17][main][DEBUG](PooledDataSource.java:391) : Returned connection 2095373876 to pool.
[2023-08-11 17:31:17][main][DEBUG](PooledDataSource.java:363) : PooledDataSource forcefully closed/removed all connections.
[2023-08-11 17:31:17][main][DEBUG](PooledDataSource.java:363) : PooledDataSource forcefully closed/removed all connections.
[2023-08-11 17:31:17][main][DEBUG](PooledDataSource.java:363) : PooledDataSource forcefully closed/removed all connections.
[2023-08-11 17:31:17][main][DEBUG](PooledDataSource.java:363) : PooledDataSource forcefully closed/removed all connections.
[2023-08-11 17:31:17][main][DEBUG](PooledDataSource.java:363) : PooledDataSource forcefully closed/removed all connections.
[2023-08-11 17:31:17][main][DEBUG](PooledDataSource.java:363) : PooledDataSource forcefully closed/removed all connections.
[2023-08-11 17:31:17][main][DEBUG](PooledDataSource.java:363) : PooledDataSource forcefully closed/removed all connections.
[2023-08-11 17:36:26][main][DEBUG](LogFactory.java:109) : Logging initialized using 'class org.apache.ibatis.logging.slf4j.Slf4jImpl' adapter.
[2023-08-11 17:36:26][main][DEBUG](PooledDataSource.java:363) : PooledDataSource forcefully closed/removed all connections.
[2023-08-11 17:36:26][main][DEBUG](PooledDataSource.java:363) : PooledDataSource forcefully closed/removed all connections.
[2023-08-11 17:36:26][main][DEBUG](PooledDataSource.java:363) : PooledDataSource forcefully closed/removed all connections.
[2023-08-11 17:36:26][main][DEBUG](PooledDataSource.java:363) : PooledDataSource forcefully closed/removed all connections.
[2023-08-11 17:36:26][main][DEBUG](PooledDataSource.java:363) : PooledDataSource forcefully closed/removed all connections.
[2023-08-11 17:36:26][main][DEBUG](PooledDataSource.java:363) : PooledDataSource forcefully closed/removed all connections.
[2023-08-11 17:36:26][main][DEBUG](PooledDataSource.java:363) : PooledDataSource forcefully closed/removed all connections.
[2023-08-11 17:36:26][main][DEBUG](JdbcTransaction.java:137) : Opening JDBC Connection
[2023-08-11 17:36:26][main][DEBUG](PooledDataSource.java:434) : Created connection 1822630059.
[2023-08-11 17:36:26][main][DEBUG](JdbcTransaction.java:101) : Setting autocommit to false on JDBC Connection [oracle.jdbc.driver.T4CConnection@6ca320ab]
[2023-08-11 17:36:26][main][DEBUG](BaseJdbcLogger.java:137) : ==>  Preparing: SELECT COUNT(article_id) FROM article
[2023-08-11 17:36:26][main][DEBUG](BaseJdbcLogger.java:137) : ==> Parameters: 
[2023-08-11 17:36:26][main][DEBUG](BaseJdbcLogger.java:137) : <==      Total: 1
[2023-08-11 17:36:26][main][DEBUG](ArticleMapperTest.java:110) : 전체 게시판의 갯수 : 6
[2023-08-11 17:36:26][main][DEBUG](JdbcTransaction.java:123) : Resetting autocommit to true on JDBC Connection [oracle.jdbc.driver.T4CConnection@6ca320ab]
[2023-08-11 17:36:26][main][DEBUG](JdbcTransaction.java:91) : Closing JDBC Connection [oracle.jdbc.driver.T4CConnection@6ca320ab]
[2023-08-11 17:36:26][main][DEBUG](PooledDataSource.java:391) : Returned connection 1822630059 to pool.
[2023-08-11 17:36:26][main][DEBUG](PooledDataSource.java:363) : PooledDataSource forcefully closed/removed all connections.
[2023-08-11 17:36:26][main][DEBUG](PooledDataSource.java:363) : PooledDataSource forcefully closed/removed all connections.
[2023-08-11 17:36:26][main][DEBUG](PooledDataSource.java:363) : PooledDataSource forcefully closed/removed all connections.
[2023-08-11 17:36:26][main][DEBUG](PooledDataSource.java:363) : PooledDataSource forcefully closed/removed all connections.
[2023-08-11 17:36:26][main][DEBUG](PooledDataSource.java:363) : PooledDataSource forcefully closed/removed all connections.
[2023-08-11 17:36:26][main][DEBUG](PooledDataSource.java:363) : PooledDataSource forcefully closed/removed all connections.
[2023-08-11 17:36:26][main][DEBUG](PooledDataSource.java:363) : PooledDataSource forcefully closed/removed all connections.
[2023-08-11 17:36:26][main][DEBUG](JdbcTransaction.java:137) : Opening JDBC Connection
[2023-08-11 17:36:26][main][DEBUG](PooledDataSource.java:434) : Created connection 534662976.
[2023-08-11 17:36:26][main][DEBUG](JdbcTransaction.java:101) : Setting autocommit to false on JDBC Connection [oracle.jdbc.driver.T4CConnection@1fde4f40]
[2023-08-11 17:36:26][main][DEBUG](BaseJdbcLogger.java:137) : ==>  Preparing: SELECT article_id "articleId", board_id "boardId", writer "writer", subject "subject", content "content", regdate "regdate", hitcount "hitcount", passwd "passwd", group_no "groupNum", level_no "levelNum", order_no "orderNum" FROM article ORDER BY regdate ASC
[2023-08-11 17:36:26][main][DEBUG](BaseJdbcLogger.java:137) : ==> Parameters: 
[2023-08-11 17:36:26][main][DEBUG](BaseJdbcLogger.java:137) : <==      Total: 6
[2023-08-11 17:36:26][main][DEBUG](ArticleMapperTest.java:92) : 전체 게시판 : ArticleDTO(articleId=1252, boardId=10, writer=song, subject=오늘 칼바람 몇시?, content=8시 ㄱ?, regdate=2023-08-09 00:00:00, hitcount=3000, passwd=1234, groupNum=1, levelNum=1, orderNum=0)
[2023-08-11 17:36:26][main][DEBUG](ArticleMapperTest.java:92) : 전체 게시판 : ArticleDTO(articleId=2, boardId=10, writer=tuesday, subject=tuesday 댓글 제목입니다., content=tuesday 댓글 내용입니다., regdate=2023-08-09 17:09:42, hitcount=0, passwd=1111, groupNum=1, levelNum=1, orderNum=1)
[2023-08-11 17:36:26][main][DEBUG](ArticleMapperTest.java:92) : 전체 게시판 : ArticleDTO(articleId=4, boardId=10, writer=thursday, subject=thursday 대댓글 제목입니다, content=thursday 대댓글 내용입니다, regdate=2023-08-09 17:09:42, hitcount=0, passwd=1111, groupNum=1, levelNum=2, orderNum=2)
[2023-08-11 17:36:26][main][DEBUG](ArticleMapperTest.java:92) : 전체 게시판 : ArticleDTO(articleId=5, boardId=10, writer=thursday, subject=thursday 대댓글 제목입니다, content=thursday 대댓글 내용입니다, regdate=2023-08-09 17:09:42, hitcount=0, passwd=1111, groupNum=5, levelNum=2, orderNum=2)
[2023-08-11 17:36:26][main][DEBUG](ArticleMapperTest.java:92) : 전체 게시판 : ArticleDTO(articleId=1, boardId=10, writer=monday, subject=monday 신규글 제목입니다., content=monday 신규글 내용입니다., regdate=2023-08-09 17:09:42, hitcount=0, passwd=1111, groupNum=1, levelNum=0, orderNum=0)
[2023-08-11 17:36:26][main][DEBUG](ArticleMapperTest.java:92) : 전체 게시판 : ArticleDTO(articleId=3, boardId=10, writer=wednesday, subject=wednesday 댓글 제목입니다., content=wednesday 댓글 내용입니다., regdate=2023-08-09 17:09:42, hitcount=0, passwd=1111, groupNum=1, levelNum=1, orderNum=3)
[2023-08-11 17:36:26][main][DEBUG](JdbcTransaction.java:123) : Resetting autocommit to true on JDBC Connection [oracle.jdbc.driver.T4CConnection@1fde4f40]
[2023-08-11 17:36:26][main][DEBUG](JdbcTransaction.java:91) : Closing JDBC Connection [oracle.jdbc.driver.T4CConnection@1fde4f40]
[2023-08-11 17:36:26][main][DEBUG](PooledDataSource.java:391) : Returned connection 534662976 to pool.
[2023-08-11 17:36:26][main][DEBUG](PooledDataSource.java:363) : PooledDataSource forcefully closed/removed all connections.
[2023-08-11 17:36:26][main][DEBUG](PooledDataSource.java:363) : PooledDataSource forcefully closed/removed all connections.
[2023-08-11 17:36:26][main][DEBUG](PooledDataSource.java:363) : PooledDataSource forcefully closed/removed all connections.
[2023-08-11 17:36:26][main][DEBUG](PooledDataSource.java:363) : PooledDataSource forcefully closed/removed all connections.
[2023-08-11 17:36:26][main][DEBUG](PooledDataSource.java:363) : PooledDataSource forcefully closed/removed all connections.
[2023-08-11 17:36:26][main][DEBUG](PooledDataSource.java:363) : PooledDataSource forcefully closed/removed all connections.
[2023-08-11 17:36:26][main][DEBUG](PooledDataSource.java:363) : PooledDataSource forcefully closed/removed all connections.
[2023-08-11 17:36:26][main][DEBUG](JdbcTransaction.java:137) : Opening JDBC Connection
[2023-08-11 17:36:26][main][DEBUG](PooledDataSource.java:434) : Created connection 223783590.
[2023-08-11 17:36:26][main][DEBUG](JdbcTransaction.java:101) : Setting autocommit to false on JDBC Connection [oracle.jdbc.driver.T4CConnection@d56aaa6]
[2023-08-11 17:36:26][main][DEBUG](BaseJdbcLogger.java:137) : ==>  Preparing: INSERT INTO article (article_id, board_id, writer, subject, content, regdate, hitcount, passwd, group_no, level_no, order_no) VALUES (?, ?, ?, ?, ?, TO_DATE(?, 'YYYY-MM-DD'), ?, ?, ?, ?, ?)
[2023-08-11 17:36:26][main][DEBUG](BaseJdbcLogger.java:137) : ==> Parameters: 1254(Integer), 10(Integer), song(String), 오늘 칼바람 몇시?(String), 8시 ㄱ?(String), 2023-08-09(String), 3000(Integer), 1234(String), 1(Integer), 1(Integer), 0(Integer)
[2023-08-11 17:36:26][main][DEBUG](BaseJdbcLogger.java:137) : <==    Updates: 1
[2023-08-11 17:36:26][main][DEBUG](ArticleMapperTest.java:76) : 멤버등록 완료 : ArticleDTO(articleId=1254, boardId=10, writer=song, subject=오늘 칼바람 몇시?, content=8시 ㄱ?, regdate=2023-08-09, hitcount=3000, passwd=1234, groupNum=1, levelNum=1, orderNum=0)
[2023-08-11 17:36:26][main][DEBUG](JdbcTransaction.java:80) : Rolling back JDBC Connection [oracle.jdbc.driver.T4CConnection@d56aaa6]
[2023-08-11 17:36:26][main][DEBUG](JdbcTransaction.java:123) : Resetting autocommit to true on JDBC Connection [oracle.jdbc.driver.T4CConnection@d56aaa6]
[2023-08-11 17:36:26][main][DEBUG](JdbcTransaction.java:91) : Closing JDBC Connection [oracle.jdbc.driver.T4CConnection@d56aaa6]
[2023-08-11 17:36:26][main][DEBUG](PooledDataSource.java:391) : Returned connection 223783590 to pool.
[2023-08-11 17:36:26][main][DEBUG](PooledDataSource.java:363) : PooledDataSource forcefully closed/removed all connections.
[2023-08-11 17:36:26][main][DEBUG](PooledDataSource.java:363) : PooledDataSource forcefully closed/removed all connections.
[2023-08-11 17:36:26][main][DEBUG](PooledDataSource.java:363) : PooledDataSource forcefully closed/removed all connections.
[2023-08-11 17:36:26][main][DEBUG](PooledDataSource.java:363) : PooledDataSource forcefully closed/removed all connections.
[2023-08-11 17:36:26][main][DEBUG](PooledDataSource.java:363) : PooledDataSource forcefully closed/removed all connections.
[2023-08-11 17:36:26][main][DEBUG](PooledDataSource.java:363) : PooledDataSource forcefully closed/removed all connections.
[2023-08-11 17:36:26][main][DEBUG](PooledDataSource.java:363) : PooledDataSource forcefully closed/removed all connections.
[2023-08-11 17:38:40][main][DEBUG](LogFactory.java:109) : Logging initialized using 'class org.apache.ibatis.logging.slf4j.Slf4jImpl' adapter.
[2023-08-11 17:38:40][main][DEBUG](PooledDataSource.java:363) : PooledDataSource forcefully closed/removed all connections.
[2023-08-11 17:38:40][main][DEBUG](PooledDataSource.java:363) : PooledDataSource forcefully closed/removed all connections.
[2023-08-11 17:38:40][main][DEBUG](PooledDataSource.java:363) : PooledDataSource forcefully closed/removed all connections.
[2023-08-11 17:38:40][main][DEBUG](PooledDataSource.java:363) : PooledDataSource forcefully closed/removed all connections.
[2023-08-11 17:38:40][main][DEBUG](PooledDataSource.java:363) : PooledDataSource forcefully closed/removed all connections.
[2023-08-11 17:38:40][main][DEBUG](PooledDataSource.java:363) : PooledDataSource forcefully closed/removed all connections.
[2023-08-11 17:38:40][main][DEBUG](PooledDataSource.java:363) : PooledDataSource forcefully closed/removed all connections.
[2023-08-11 17:38:40][main][DEBUG](JdbcTransaction.java:137) : Opening JDBC Connection
[2023-08-11 17:38:40][main][DEBUG](PooledDataSource.java:434) : Created connection 1822630059.
[2023-08-11 17:38:40][main][DEBUG](JdbcTransaction.java:101) : Setting autocommit to false on JDBC Connection [oracle.jdbc.driver.T4CConnection@6ca320ab]
[2023-08-11 17:38:40][main][DEBUG](BaseJdbcLogger.java:137) : ==>  Preparing: SELECT COUNT(article_id) FROM article
[2023-08-11 17:38:41][main][DEBUG](BaseJdbcLogger.java:137) : ==> Parameters: 
[2023-08-11 17:38:41][main][DEBUG](BaseJdbcLogger.java:137) : <==      Total: 1
[2023-08-11 17:38:41][main][DEBUG](ArticleMapperTest.java:110) : 전체 게시판의 갯수 : 6
[2023-08-11 17:38:41][main][DEBUG](JdbcTransaction.java:123) : Resetting autocommit to true on JDBC Connection [oracle.jdbc.driver.T4CConnection@6ca320ab]
[2023-08-11 17:38:41][main][DEBUG](JdbcTransaction.java:91) : Closing JDBC Connection [oracle.jdbc.driver.T4CConnection@6ca320ab]
[2023-08-11 17:38:41][main][DEBUG](PooledDataSource.java:391) : Returned connection 1822630059 to pool.
[2023-08-11 17:38:41][main][DEBUG](PooledDataSource.java:363) : PooledDataSource forcefully closed/removed all connections.
[2023-08-11 17:38:41][main][DEBUG](PooledDataSource.java:363) : PooledDataSource forcefully closed/removed all connections.
[2023-08-11 17:38:41][main][DEBUG](PooledDataSource.java:363) : PooledDataSource forcefully closed/removed all connections.
[2023-08-11 17:38:41][main][DEBUG](PooledDataSource.java:363) : PooledDataSource forcefully closed/removed all connections.
[2023-08-11 17:38:41][main][DEBUG](PooledDataSource.java:363) : PooledDataSource forcefully closed/removed all connections.
[2023-08-11 17:38:41][main][DEBUG](PooledDataSource.java:363) : PooledDataSource forcefully closed/removed all connections.
[2023-08-11 17:38:41][main][DEBUG](PooledDataSource.java:363) : PooledDataSource forcefully closed/removed all connections.
[2023-08-11 17:38:41][main][DEBUG](JdbcTransaction.java:137) : Opening JDBC Connection
[2023-08-11 17:38:41][main][DEBUG](PooledDataSource.java:434) : Created connection 217827560.
[2023-08-11 17:38:41][main][DEBUG](JdbcTransaction.java:101) : Setting autocommit to false on JDBC Connection [oracle.jdbc.driver.T4CConnection@cfbc8e8]
[2023-08-11 17:38:41][main][DEBUG](BaseJdbcLogger.java:137) : ==>  Preparing: SELECT article_id "articleId", board_id "boardId", writer "writer", subject "subject", content "content", regdate "regdate", hitcount "hitcount", passwd "passwd", group_no "groupNum", level_no "levelNum", order_no "orderNum" FROM article ORDER BY regdate ASC
[2023-08-11 17:38:41][main][DEBUG](BaseJdbcLogger.java:137) : ==> Parameters: 
[2023-08-11 17:38:41][main][DEBUG](BaseJdbcLogger.java:137) : <==      Total: 6
[2023-08-11 17:38:41][main][DEBUG](ArticleMapperTest.java:92) : 전체 게시판 : ArticleDTO(articleId=1252, boardId=10, writer=song, subject=오늘 칼바람 몇시?, content=8시 ㄱ?, regdate=2023-08-09 00:00:00, hitcount=3000, passwd=1234, groupNum=1, levelNum=1, orderNum=0)
[2023-08-11 17:38:41][main][DEBUG](ArticleMapperTest.java:92) : 전체 게시판 : ArticleDTO(articleId=2, boardId=10, writer=tuesday, subject=tuesday 댓글 제목입니다., content=tuesday 댓글 내용입니다., regdate=2023-08-09 17:09:42, hitcount=0, passwd=1111, groupNum=1, levelNum=1, orderNum=1)
[2023-08-11 17:38:41][main][DEBUG](ArticleMapperTest.java:92) : 전체 게시판 : ArticleDTO(articleId=4, boardId=10, writer=thursday, subject=thursday 대댓글 제목입니다, content=thursday 대댓글 내용입니다, regdate=2023-08-09 17:09:42, hitcount=0, passwd=1111, groupNum=1, levelNum=2, orderNum=2)
[2023-08-11 17:38:41][main][DEBUG](ArticleMapperTest.java:92) : 전체 게시판 : ArticleDTO(articleId=5, boardId=10, writer=thursday, subject=thursday 대댓글 제목입니다, content=thursday 대댓글 내용입니다, regdate=2023-08-09 17:09:42, hitcount=0, passwd=1111, groupNum=5, levelNum=2, orderNum=2)
[2023-08-11 17:38:41][main][DEBUG](ArticleMapperTest.java:92) : 전체 게시판 : ArticleDTO(articleId=1, boardId=10, writer=monday, subject=monday 신규글 제목입니다., content=monday 신규글 내용입니다., regdate=2023-08-09 17:09:42, hitcount=0, passwd=1111, groupNum=1, levelNum=0, orderNum=0)
[2023-08-11 17:38:41][main][DEBUG](ArticleMapperTest.java:92) : 전체 게시판 : ArticleDTO(articleId=3, boardId=10, writer=wednesday, subject=wednesday 댓글 제목입니다., content=wednesday 댓글 내용입니다., regdate=2023-08-09 17:09:42, hitcount=0, passwd=1111, groupNum=1, levelNum=1, orderNum=3)
[2023-08-11 17:38:41][main][DEBUG](JdbcTransaction.java:123) : Resetting autocommit to true on JDBC Connection [oracle.jdbc.driver.T4CConnection@cfbc8e8]
[2023-08-11 17:38:41][main][DEBUG](JdbcTransaction.java:91) : Closing JDBC Connection [oracle.jdbc.driver.T4CConnection@cfbc8e8]
[2023-08-11 17:38:41][main][DEBUG](PooledDataSource.java:391) : Returned connection 217827560 to pool.
[2023-08-11 17:38:41][Finalizer][DEBUG](PooledDataSource.java:363) : PooledDataSource forcefully closed/removed all connections.
[2023-08-11 17:38:41][main][DEBUG](PooledDataSource.java:363) : PooledDataSource forcefully closed/removed all connections.
[2023-08-11 17:38:41][main][DEBUG](PooledDataSource.java:363) : PooledDataSource forcefully closed/removed all connections.
[2023-08-11 17:38:41][main][DEBUG](PooledDataSource.java:363) : PooledDataSource forcefully closed/removed all connections.
[2023-08-11 17:38:41][main][DEBUG](PooledDataSource.java:363) : PooledDataSource forcefully closed/removed all connections.
[2023-08-11 17:38:41][main][DEBUG](PooledDataSource.java:363) : PooledDataSource forcefully closed/removed all connections.
[2023-08-11 17:38:41][main][DEBUG](PooledDataSource.java:363) : PooledDataSource forcefully closed/removed all connections.
[2023-08-11 17:38:41][main][DEBUG](PooledDataSource.java:363) : PooledDataSource forcefully closed/removed all connections.
[2023-08-11 17:38:41][main][DEBUG](JdbcTransaction.java:137) : Opening JDBC Connection
[2023-08-11 17:38:41][main][DEBUG](PooledDataSource.java:434) : Created connection 990226843.
[2023-08-11 17:38:41][main][DEBUG](JdbcTransaction.java:101) : Setting autocommit to false on JDBC Connection [oracle.jdbc.driver.T4CConnection@3b05a99b]
[2023-08-11 17:38:41][main][DEBUG](BaseJdbcLogger.java:137) : ==>  Preparing: INSERT INTO article (article_id, board_id, writer, subject, content, regdate, hitcount, passwd, group_no, level_no, order_no) VALUES (?, ?, ?, ?, ?, TO_DATE(?, 'YYYY-MM-DD'), ?, ?, ?, ?, ?)
[2023-08-11 17:38:41][main][DEBUG](BaseJdbcLogger.java:137) : ==> Parameters: 1254(Integer), 10(Integer), song(String), 오늘 칼바람 몇시?(String), 8시 ㄱ?(String), 2023-08-09(String), 3000(Integer), 1234(String), 1(Integer), 1(Integer), 0(Integer)
[2023-08-11 17:38:41][main][DEBUG](BaseJdbcLogger.java:137) : <==    Updates: 1
[2023-08-11 17:38:41][main][DEBUG](ArticleMapperTest.java:76) : 멤버등록 완료 : ArticleDTO(articleId=1254, boardId=10, writer=song, subject=오늘 칼바람 몇시?, content=8시 ㄱ?, regdate=2023-08-09, hitcount=3000, passwd=1234, groupNum=1, levelNum=1, orderNum=0)
[2023-08-11 17:38:41][main][DEBUG](JdbcTransaction.java:80) : Rolling back JDBC Connection [oracle.jdbc.driver.T4CConnection@3b05a99b]
[2023-08-11 17:38:41][main][DEBUG](JdbcTransaction.java:123) : Resetting autocommit to true on JDBC Connection [oracle.jdbc.driver.T4CConnection@3b05a99b]
[2023-08-11 17:38:41][main][DEBUG](JdbcTransaction.java:91) : Closing JDBC Connection [oracle.jdbc.driver.T4CConnection@3b05a99b]
[2023-08-11 17:38:41][main][DEBUG](PooledDataSource.java:391) : Returned connection 990226843 to pool.
[2023-08-11 17:38:41][main][DEBUG](PooledDataSource.java:363) : PooledDataSource forcefully closed/removed all connections.
[2023-08-11 17:38:41][main][DEBUG](PooledDataSource.java:363) : PooledDataSource forcefully closed/removed all connections.
[2023-08-11 17:38:41][main][DEBUG](PooledDataSource.java:363) : PooledDataSource forcefully closed/removed all connections.
[2023-08-11 17:38:41][main][DEBUG](PooledDataSource.java:363) : PooledDataSource forcefully closed/removed all connections.
[2023-08-11 17:38:41][main][DEBUG](PooledDataSource.java:363) : PooledDataSource forcefully closed/removed all connections.
[2023-08-11 17:38:41][main][DEBUG](PooledDataSource.java:363) : PooledDataSource forcefully closed/removed all connections.
[2023-08-11 17:38:41][main][DEBUG](PooledDataSource.java:363) : PooledDataSource forcefully closed/removed all connections.
[2023-08-11 17:38:41][main][DEBUG](JdbcTransaction.java:137) : Opening JDBC Connection
[2023-08-11 17:38:41][main][DEBUG](PooledDataSource.java:434) : Created connection 1433568941.
[2023-08-11 17:38:41][main][DEBUG](JdbcTransaction.java:101) : Setting autocommit to false on JDBC Connection [oracle.jdbc.driver.T4CConnection@557286ad]
[2023-08-11 17:38:41][main][DEBUG](BaseJdbcLogger.java:137) : ==>  Preparing: INSERT INTO article (article_id, board_id, writer, subject, content, regdate, hitcount, passwd, group_no, level_no, order_no) VALUES (?, ?, ?, ?, ?, TO_DATE(?, 'YYYY-MM-DD'), ?, ?, ?, ?, ?)
[2023-08-11 17:38:41][main][DEBUG](BaseJdbcLogger.java:137) : ==> Parameters: 1211(Integer), 30(Integer), song8364(String), 오늘 아레나 몇시?(String), 10시 ㄱ?(String), 2023-08-11(String), 3000(Integer), 4321(String), 1(Integer), 1(Integer), 0(Integer)
[2023-08-11 17:38:41][main][DEBUG](BaseJdbcLogger.java:137) : <==    Updates: 1
[2023-08-11 17:38:41][main][INFO ](ArticleMapperTest.java:157) : 댓글 생성이 정상적으로 완료되었습니다 : ArticleDTO(articleId=1211, boardId=30, writer=song8364, subject=오늘 아레나 몇시?, content=10시 ㄱ?, regdate=2023-08-11, hitcount=3000, passwd=4321, groupNum=1, levelNum=1, orderNum=0) 
[2023-08-11 17:38:41][main][DEBUG](JdbcTransaction.java:80) : Rolling back JDBC Connection [oracle.jdbc.driver.T4CConnection@557286ad]
[2023-08-11 17:38:41][main][DEBUG](JdbcTransaction.java:123) : Resetting autocommit to true on JDBC Connection [oracle.jdbc.driver.T4CConnection@557286ad]
[2023-08-11 17:38:41][main][DEBUG](JdbcTransaction.java:91) : Closing JDBC Connection [oracle.jdbc.driver.T4CConnection@557286ad]
[2023-08-11 17:38:41][main][DEBUG](PooledDataSource.java:391) : Returned connection 1433568941 to pool.
[2023-08-11 17:44:14][main][DEBUG](LogFactory.java:109) : Logging initialized using 'class org.apache.ibatis.logging.slf4j.Slf4jImpl' adapter.
[2023-08-11 17:44:14][main][DEBUG](PooledDataSource.java:363) : PooledDataSource forcefully closed/removed all connections.
[2023-08-11 17:44:14][main][DEBUG](PooledDataSource.java:363) : PooledDataSource forcefully closed/removed all connections.
[2023-08-11 17:44:14][main][DEBUG](PooledDataSource.java:363) : PooledDataSource forcefully closed/removed all connections.
[2023-08-11 17:44:14][main][DEBUG](PooledDataSource.java:363) : PooledDataSource forcefully closed/removed all connections.
[2023-08-11 17:44:14][main][DEBUG](PooledDataSource.java:363) : PooledDataSource forcefully closed/removed all connections.
[2023-08-11 17:44:14][main][DEBUG](PooledDataSource.java:363) : PooledDataSource forcefully closed/removed all connections.
[2023-08-11 17:44:14][main][DEBUG](PooledDataSource.java:363) : PooledDataSource forcefully closed/removed all connections.
[2023-08-11 17:44:14][main][DEBUG](JdbcTransaction.java:137) : Opening JDBC Connection
[2023-08-11 17:44:15][main][DEBUG](PooledDataSource.java:434) : Created connection 1356236848.
[2023-08-11 17:44:15][main][DEBUG](JdbcTransaction.java:101) : Setting autocommit to false on JDBC Connection [oracle.jdbc.driver.T4CConnection@50d68830]
[2023-08-11 17:44:15][main][DEBUG](BaseJdbcLogger.java:137) : ==>  Preparing: SELECT COUNT(article_id) FROM article
[2023-08-11 17:44:15][main][DEBUG](BaseJdbcLogger.java:137) : ==> Parameters: 
[2023-08-11 17:44:15][main][DEBUG](BaseJdbcLogger.java:137) : <==      Total: 1
[2023-08-11 17:44:15][main][DEBUG](ArticleMapperTest.java:110) : 전체 게시판의 갯수 : 6
[2023-08-11 17:44:15][main][DEBUG](JdbcTransaction.java:123) : Resetting autocommit to true on JDBC Connection [oracle.jdbc.driver.T4CConnection@50d68830]
[2023-08-11 17:44:15][main][DEBUG](JdbcTransaction.java:91) : Closing JDBC Connection [oracle.jdbc.driver.T4CConnection@50d68830]
[2023-08-11 17:44:15][main][DEBUG](PooledDataSource.java:391) : Returned connection 1356236848 to pool.
[2023-08-11 17:44:15][main][DEBUG](PooledDataSource.java:363) : PooledDataSource forcefully closed/removed all connections.
[2023-08-11 17:44:15][main][DEBUG](PooledDataSource.java:363) : PooledDataSource forcefully closed/removed all connections.
[2023-08-11 17:44:15][main][DEBUG](PooledDataSource.java:363) : PooledDataSource forcefully closed/removed all connections.
[2023-08-11 17:44:15][main][DEBUG](PooledDataSource.java:363) : PooledDataSource forcefully closed/removed all connections.
[2023-08-11 17:44:15][main][DEBUG](PooledDataSource.java:363) : PooledDataSource forcefully closed/removed all connections.
[2023-08-11 17:44:15][main][DEBUG](PooledDataSource.java:363) : PooledDataSource forcefully closed/removed all connections.
[2023-08-11 17:44:15][main][DEBUG](PooledDataSource.java:363) : PooledDataSource forcefully closed/removed all connections.
[2023-08-11 17:44:15][main][DEBUG](JdbcTransaction.java:137) : Opening JDBC Connection
[2023-08-11 17:44:15][main][DEBUG](PooledDataSource.java:434) : Created connection 1234329919.
[2023-08-11 17:44:15][main][DEBUG](JdbcTransaction.java:101) : Setting autocommit to false on JDBC Connection [oracle.jdbc.driver.T4CConnection@4992613f]
[2023-08-11 17:44:15][main][DEBUG](BaseJdbcLogger.java:137) : ==>  Preparing: INSERT INTO article (article_id "articleId", board_id "boardId", writer, subject, content, passwd, group_no "groupNum", level_no "levelNum", order_no "orderNum") VALUES ( article_id_seq.NEXTVAL, 10, 'thursday', 'thursday 대댓글 제목입니다', 'thursday 대댓글 내용입니다', '1111', 1, 2, (SELECT order_no + 1 FROM article WHERE article_id = 2));
[2023-08-11 17:44:15][main][DEBUG](BaseJdbcLogger.java:137) : ==> Parameters: 
[2023-08-11 17:44:15][main][DEBUG](JdbcTransaction.java:80) : Rolling back JDBC Connection [oracle.jdbc.driver.T4CConnection@4992613f]
[2023-08-11 17:44:15][main][DEBUG](JdbcTransaction.java:123) : Resetting autocommit to true on JDBC Connection [oracle.jdbc.driver.T4CConnection@4992613f]
[2023-08-11 17:44:15][main][DEBUG](JdbcTransaction.java:91) : Closing JDBC Connection [oracle.jdbc.driver.T4CConnection@4992613f]
[2023-08-11 17:44:15][main][DEBUG](PooledDataSource.java:391) : Returned connection 1234329919 to pool.
[2023-08-11 17:44:15][main][DEBUG](PooledDataSource.java:363) : PooledDataSource forcefully closed/removed all connections.
[2023-08-11 17:44:15][main][DEBUG](PooledDataSource.java:363) : PooledDataSource forcefully closed/removed all connections.
[2023-08-11 17:44:15][main][DEBUG](PooledDataSource.java:363) : PooledDataSource forcefully closed/removed all connections.
[2023-08-11 17:44:15][main][DEBUG](PooledDataSource.java:363) : PooledDataSource forcefully closed/removed all connections.
[2023-08-11 17:44:15][main][DEBUG](PooledDataSource.java:363) : PooledDataSource forcefully closed/removed all connections.
[2023-08-11 17:44:15][main][DEBUG](PooledDataSource.java:363) : PooledDataSource forcefully closed/removed all connections.
[2023-08-11 17:44:15][main][DEBUG](PooledDataSource.java:363) : PooledDataSource forcefully closed/removed all connections.
[2023-08-11 17:44:15][main][DEBUG](JdbcTransaction.java:137) : Opening JDBC Connection
[2023-08-11 17:44:15][main][DEBUG](PooledDataSource.java:434) : Created connection 1470400901.
[2023-08-11 17:44:15][main][DEBUG](JdbcTransaction.java:101) : Setting autocommit to false on JDBC Connection [oracle.jdbc.driver.T4CConnection@57a48985]
[2023-08-11 17:44:15][main][DEBUG](BaseJdbcLogger.java:137) : ==>  Preparing: SELECT article_id "articleId", board_id "boardId", writer "writer", subject "subject", content "content", regdate "regdate", hitcount "hitcount", passwd "passwd", group_no "groupNum", level_no "levelNum", order_no "orderNum" FROM article ORDER BY regdate ASC
[2023-08-11 17:44:15][main][DEBUG](BaseJdbcLogger.java:137) : ==> Parameters: 
[2023-08-11 17:44:15][main][DEBUG](BaseJdbcLogger.java:137) : <==      Total: 6
[2023-08-11 17:44:15][main][DEBUG](ArticleMapperTest.java:92) : 전체 게시판 : ArticleDTO(articleId=1252, boardId=10, writer=song, subject=오늘 칼바람 몇시?, content=8시 ㄱ?, regdate=2023-08-09 00:00:00, hitcount=3000, passwd=1234, groupNum=1, levelNum=1, orderNum=0)
[2023-08-11 17:44:15][main][DEBUG](ArticleMapperTest.java:92) : 전체 게시판 : ArticleDTO(articleId=2, boardId=10, writer=tuesday, subject=tuesday 댓글 제목입니다., content=tuesday 댓글 내용입니다., regdate=2023-08-09 17:09:42, hitcount=0, passwd=1111, groupNum=1, levelNum=1, orderNum=1)
[2023-08-11 17:44:15][main][DEBUG](ArticleMapperTest.java:92) : 전체 게시판 : ArticleDTO(articleId=4, boardId=10, writer=thursday, subject=thursday 대댓글 제목입니다, content=thursday 대댓글 내용입니다, regdate=2023-08-09 17:09:42, hitcount=0, passwd=1111, groupNum=1, levelNum=2, orderNum=2)
[2023-08-11 17:44:15][main][DEBUG](ArticleMapperTest.java:92) : 전체 게시판 : ArticleDTO(articleId=5, boardId=10, writer=thursday, subject=thursday 대댓글 제목입니다, content=thursday 대댓글 내용입니다, regdate=2023-08-09 17:09:42, hitcount=0, passwd=1111, groupNum=5, levelNum=2, orderNum=2)
[2023-08-11 17:44:15][main][DEBUG](ArticleMapperTest.java:92) : 전체 게시판 : ArticleDTO(articleId=1, boardId=10, writer=monday, subject=monday 신규글 제목입니다., content=monday 신규글 내용입니다., regdate=2023-08-09 17:09:42, hitcount=0, passwd=1111, groupNum=1, levelNum=0, orderNum=0)
[2023-08-11 17:44:15][main][DEBUG](ArticleMapperTest.java:92) : 전체 게시판 : ArticleDTO(articleId=3, boardId=10, writer=wednesday, subject=wednesday 댓글 제목입니다., content=wednesday 댓글 내용입니다., regdate=2023-08-09 17:09:42, hitcount=0, passwd=1111, groupNum=1, levelNum=1, orderNum=3)
[2023-08-11 17:44:15][main][DEBUG](JdbcTransaction.java:123) : Resetting autocommit to true on JDBC Connection [oracle.jdbc.driver.T4CConnection@57a48985]
[2023-08-11 17:44:15][main][DEBUG](JdbcTransaction.java:91) : Closing JDBC Connection [oracle.jdbc.driver.T4CConnection@57a48985]
[2023-08-11 17:44:15][main][DEBUG](PooledDataSource.java:391) : Returned connection 1470400901 to pool.
[2023-08-11 17:44:15][main][DEBUG](PooledDataSource.java:363) : PooledDataSource forcefully closed/removed all connections.
[2023-08-11 17:44:15][main][DEBUG](PooledDataSource.java:363) : PooledDataSource forcefully closed/removed all connections.
[2023-08-11 17:44:15][main][DEBUG](PooledDataSource.java:363) : PooledDataSource forcefully closed/removed all connections.
[2023-08-11 17:44:15][main][DEBUG](PooledDataSource.java:363) : PooledDataSource forcefully closed/removed all connections.
[2023-08-11 17:44:15][main][DEBUG](PooledDataSource.java:363) : PooledDataSource forcefully closed/removed all connections.
[2023-08-11 17:44:15][main][DEBUG](PooledDataSource.java:363) : PooledDataSource forcefully closed/removed all connections.
[2023-08-11 17:44:15][main][DEBUG](PooledDataSource.java:363) : PooledDataSource forcefully closed/removed all connections.
[2023-08-11 17:44:15][main][DEBUG](JdbcTransaction.java:137) : Opening JDBC Connection
[2023-08-11 17:44:15][main][DEBUG](PooledDataSource.java:434) : Created connection 284034271.
[2023-08-11 17:44:15][main][DEBUG](JdbcTransaction.java:101) : Setting autocommit to false on JDBC Connection [oracle.jdbc.driver.T4CConnection@10ee04df]
[2023-08-11 17:44:15][main][DEBUG](BaseJdbcLogger.java:137) : ==>  Preparing: INSERT INTO article (article_id, board_id, writer, subject, content, regdate, hitcount, passwd, group_no, level_no, order_no) VALUES (?, ?, ?, ?, ?, TO_DATE(?, 'YYYY-MM-DD'), ?, ?, ?, ?, ?)
[2023-08-11 17:44:15][main][DEBUG](BaseJdbcLogger.java:137) : ==> Parameters: 1254(Integer), 10(Integer), song(String), 오늘 칼바람 몇시?(String), 8시 ㄱ?(String), 2023-08-09(String), 3000(Integer), 1234(String), 1(Integer), 1(Integer), 0(Integer)
[2023-08-11 17:44:15][main][DEBUG](BaseJdbcLogger.java:137) : <==    Updates: 1
[2023-08-11 17:44:15][main][DEBUG](ArticleMapperTest.java:76) : 멤버등록 완료 : ArticleDTO(articleId=1254, boardId=10, writer=song, subject=오늘 칼바람 몇시?, content=8시 ㄱ?, regdate=2023-08-09, hitcount=3000, passwd=1234, groupNum=1, levelNum=1, orderNum=0)
[2023-08-11 17:44:15][main][DEBUG](JdbcTransaction.java:80) : Rolling back JDBC Connection [oracle.jdbc.driver.T4CConnection@10ee04df]
[2023-08-11 17:44:15][main][DEBUG](JdbcTransaction.java:123) : Resetting autocommit to true on JDBC Connection [oracle.jdbc.driver.T4CConnection@10ee04df]
[2023-08-11 17:44:15][main][DEBUG](JdbcTransaction.java:91) : Closing JDBC Connection [oracle.jdbc.driver.T4CConnection@10ee04df]
[2023-08-11 17:44:15][main][DEBUG](PooledDataSource.java:391) : Returned connection 284034271 to pool.
[2023-08-11 17:44:15][main][DEBUG](PooledDataSource.java:363) : PooledDataSource forcefully closed/removed all connections.
[2023-08-11 17:44:15][main][DEBUG](PooledDataSource.java:363) : PooledDataSource forcefully closed/removed all connections.
[2023-08-11 17:44:15][main][DEBUG](PooledDataSource.java:363) : PooledDataSource forcefully closed/removed all connections.
[2023-08-11 17:44:15][main][DEBUG](PooledDataSource.java:363) : PooledDataSource forcefully closed/removed all connections.
[2023-08-11 17:44:15][main][DEBUG](PooledDataSource.java:363) : PooledDataSource forcefully closed/removed all connections.
[2023-08-11 17:44:15][main][DEBUG](PooledDataSource.java:363) : PooledDataSource forcefully closed/removed all connections.
[2023-08-11 17:44:15][main][DEBUG](PooledDataSource.java:363) : PooledDataSource forcefully closed/removed all connections.
[2023-08-11 17:44:15][main][DEBUG](JdbcTransaction.java:137) : Opening JDBC Connection
[2023-08-11 17:44:15][main][DEBUG](PooledDataSource.java:434) : Created connection 1491676195.
[2023-08-11 17:44:15][main][DEBUG](JdbcTransaction.java:101) : Setting autocommit to false on JDBC Connection [oracle.jdbc.driver.T4CConnection@58e92c23]
[2023-08-11 17:44:15][main][DEBUG](BaseJdbcLogger.java:137) : ==>  Preparing: INSERT INTO article (article_id, board_id, writer, subject, content, regdate, hitcount, passwd, group_no, level_no, order_no) VALUES (?, ?, ?, ?, ?, TO_DATE(?, 'YYYY-MM-DD'), ?, ?, ?, ?, ?)
[2023-08-11 17:44:15][main][DEBUG](BaseJdbcLogger.java:137) : ==> Parameters: 1211(Integer), 30(Integer), song8364(String), 오늘 아레나 몇시?(String), 10시 ㄱ?(String), 2023-08-11(String), 3000(Integer), 4321(String), 1(Integer), 1(Integer), 0(Integer)
[2023-08-11 17:44:15][main][DEBUG](BaseJdbcLogger.java:137) : <==    Updates: 1
[2023-08-11 17:44:15][main][INFO ](ArticleMapperTest.java:160) : 댓글 생성이 정상적으로 완료되었습니다 : ArticleDTO(articleId=1211, boardId=30, writer=song8364, subject=오늘 아레나 몇시?, content=10시 ㄱ?, regdate=2023-08-11, hitcount=3000, passwd=4321, groupNum=1, levelNum=1, orderNum=0) 
[2023-08-11 17:44:15][main][DEBUG](JdbcTransaction.java:80) : Rolling back JDBC Connection [oracle.jdbc.driver.T4CConnection@58e92c23]
[2023-08-11 17:44:15][main][DEBUG](JdbcTransaction.java:123) : Resetting autocommit to true on JDBC Connection [oracle.jdbc.driver.T4CConnection@58e92c23]
[2023-08-11 17:44:15][main][DEBUG](JdbcTransaction.java:91) : Closing JDBC Connection [oracle.jdbc.driver.T4CConnection@58e92c23]
[2023-08-11 17:44:15][main][DEBUG](PooledDataSource.java:391) : Returned connection 1491676195 to pool.
